<?xml version="1.0" encoding="UTF-8"?>
<!-- Generated by org.testng.reporters.JUnitReportReporter -->
<testsuite skipped="0" hostname="LAPTOP-3FARVQ4Q" name="tests.SuccessfulLogin" tests="1" failures="0" timestamp="24 Mar 2019 16:07:43 GMT" time="10.329" errors="0">
  <testcase name="successfulLogin" time="10.329" classname="tests.SuccessfulLogin"/>
</testsuite> <!-- tests.SuccessfulLogin -->
