<?xml version="1.0" encoding="UTF-8"?>
<!-- Generated by org.testng.reporters.JUnitReportReporter -->
<testsuite skipped="0" hostname="LAPTOP-3FARVQ4Q" name="LoginInterfaceTests.RolePageTextsPresent" tests="1" failures="0" timestamp="26 Mar 2019 12:40:11 GMT" time="24.752" errors="0">
  <testcase name="RoleTextCheck" time="24.752" classname="LoginInterfaceTests.RolePageTextsPresent"/>
</testsuite> <!-- LoginInterfaceTests.RolePageTextsPresent -->
