<?xml version="1.0" encoding="UTF-8"?>
<!-- Generated by org.testng.reporters.JUnitReportReporter -->
<testsuite skipped="0" hostname="LAPTOP-3FARVQ4Q" name="LoginInterfaceTests.LogoPresent" tests="1" failures="0" timestamp="25 Mar 2019 19:22:26 GMT" time="6.566" errors="0">
  <testcase name="logoElementPresent" time="6.566" classname="LoginInterfaceTests.LogoPresent"/>
</testsuite> <!-- LoginInterfaceTests.LogoPresent -->
