<?xml version="1.0" encoding="UTF-8"?>
<!-- Generated by org.testng.reporters.JUnitReportReporter -->
<testsuite skipped="0" hostname="LAPTOP-3FARVQ4Q" name="smokeTest.pageTitleJunit" tests="1" failures="0" timestamp="23 Mar 2019 19:04:11 GMT" time="2.219" errors="0">
  <testcase name="pageTitleTest" time="2.219" classname="smokeTest.pageTitleJunit"/>
</testsuite> <!-- smokeTest.pageTitleJunit -->
