<?xml version="1.0" encoding="UTF-8"?>
<!-- Generated by org.testng.reporters.JUnitReportReporter -->
<testsuite skipped="0" hostname="LAPTOP-3FARVQ4Q" name="Pins" tests="3" failures="0" timestamp="02 Apr 2019 21:15:08 GMT" time="0.015" errors="0">
  <testcase name="Pin" time="0.010" classname="Pins"/>
  <testcase name="Pin" time="0.003" classname="Pins"/>
  <testcase name="Pin" time="0.002" classname="Pins"/>
</testsuite> <!-- Pins -->
