<?xml version="1.0" encoding="UTF-8"?>
<!-- Generated by org.testng.reporters.JUnitReportReporter -->
<testsuite skipped="0" hostname="LAPTOP-3FARVQ4Q" name="RoleCreation.CreateRoleSuccessfully" tests="1" failures="0" timestamp="26 Mar 2019 09:10:26 GMT" time="11.067" errors="0">
  <testcase name="CreateRole" time="11.067" classname="RoleCreation.CreateRoleSuccessfully"/>
</testsuite> <!-- RoleCreation.CreateRoleSuccessfully -->
