<?xml version="1.0" encoding="UTF-8"?>
<!-- Generated by org.testng.reporters.JUnitReportReporter -->
<testsuite skipped="0" hostname="LAPTOP-3FARVQ4Q" name="BuyAirtime.PurchaseAirtime" tests="3" failures="0" timestamp="04 Apr 2019 09:18:33 GMT" time="14.567" errors="0">
  <testcase name="AirtimepurchaseTest" time="6.825" classname="BuyAirtime.PurchaseAirtime"/>
  <testcase name="AirtimepurchaseTest" time="3.817" classname="BuyAirtime.PurchaseAirtime"/>
  <testcase name="AirtimepurchaseTest" time="3.925" classname="BuyAirtime.PurchaseAirtime"/>
</testsuite> <!-- BuyAirtime.PurchaseAirtime -->
