<?xml version="1.0" encoding="UTF-8"?>
<!-- Generated by org.testng.reporters.JUnitReportReporter -->
<testsuite skipped="0" hostname="LAPTOP-3FARVQ4Q" name="LoginTests.Test4" tests="1" failures="0" timestamp="24 Mar 2019 18:11:25 GMT" time="5.443" errors="0">
  <testcase name="log" time="5.443" classname="LoginTests.Test4"/>
</testsuite> <!-- LoginTests.Test4 -->
