<?xml version="1.0" encoding="UTF-8"?>
<!-- Generated by org.testng.reporters.JUnitReportReporter -->
<testsuite skipped="0" hostname="LAPTOP-3FARVQ4Q" name="LoginFunctionTests.LoginPresentTestNG" tests="1" failures="0" timestamp="25 Mar 2019 19:11:00 GMT" time="5.916" errors="0">
  <testcase name="loginElementPresent" time="5.916" classname="LoginFunctionTests.LoginPresentTestNG"/>
</testsuite> <!-- LoginFunctionTests.LoginPresentTestNG -->
