<?xml version="1.0" encoding="UTF-8"?>
<!-- Generated by org.testng.reporters.JUnitReportReporter -->
<testsuite skipped="0" hostname="LAPTOP-3FARVQ4Q" name="LoginTests.BlankCredentials" tests="1" failures="0" timestamp="24 Mar 2019 18:22:16 GMT" time="5.362" errors="0">
  <testcase name="successfulLogin" time="5.362" classname="LoginTests.BlankCredentials"/>
</testsuite> <!-- LoginTests.BlankCredentials -->
