<?xml version="1.0" encoding="UTF-8"?>
<!-- Generated by org.testng.reporters.JUnitReportReporter -->
<testsuite skipped="0" hostname="LAPTOP-3FARVQ4Q" name="RoleCreation.CreateDepartmentSuccessfully" tests="1" failures="0" timestamp="26 Mar 2019 11:06:30 GMT" time="12.334" errors="0">
  <testcase name="CreateRole" time="12.334" classname="RoleCreation.CreateDepartmentSuccessfully"/>
</testsuite> <!-- RoleCreation.CreateDepartmentSuccessfully -->
