<?xml version="1.0" encoding="UTF-8"?>
<!-- Generated by org.testng.reporters.JUnitReportReporter -->
<testsuite skipped="0" hostname="LAPTOP-3FARVQ4Q" name="LoginTests.CorrectCredentials" tests="1" failures="0" timestamp="24 Mar 2019 18:22:16 GMT" time="7.797" errors="0">
  <testcase name="successfulLogin" time="7.797" classname="LoginTests.CorrectCredentials"/>
</testsuite> <!-- LoginTests.CorrectCredentials -->
