<?xml version="1.0" encoding="UTF-8"?>
<!-- Generated by org.testng.reporters.JUnitReportReporter -->
<testsuite skipped="0" hostname="LAPTOP-3FARVQ4Q" name="tests.Login" tests="1" failures="0" timestamp="24 Mar 2019 15:51:16 GMT" time="11.685" errors="0">
  <testcase name="successfulLogin" time="11.685" classname="tests.Login"/>
</testsuite> <!-- tests.Login -->
