<?xml version="1.0" encoding="UTF-8"?>
<!-- Generated by org.testng.reporters.JUnitReportReporter -->
<testsuite skipped="0" hostname="LAPTOP-3FARVQ4Q" name="IntelixPlusChatBanking.TransactionValidation" tests="1" failures="0" timestamp="07 Apr 2019 14:38:15 GMT" time="6.164" errors="0">
  <testcase name="CredentialValidation" time="6.164" classname="IntelixPlusChatBanking.TransactionValidation"/>
</testsuite> <!-- IntelixPlusChatBanking.TransactionValidation -->
