<?xml version="1.0" encoding="UTF-8"?>
<!-- Generated by org.testng.reporters.JUnitReportReporter -->
<testsuite skipped="0" hostname="LAPTOP-3FARVQ4Q" name="SendMoney.SendMoney" tests="1" failures="0" timestamp="02 Apr 2019 12:05:44 GMT" time="4.785" errors="0">
  <testcase name="Enterpin" time="4.785" classname="SendMoney.SendMoney"/>
</testsuite> <!-- SendMoney.SendMoney -->
