<?xml version="1.0" encoding="UTF-8"?>
<!-- Generated by org.testng.reporters.JUnitReportReporter -->
<testsuite skipped="0" hostname="LAPTOP-3FARVQ4Q" name="smokeTest.Smoke" tests="2" failures="0" timestamp="24 Mar 2019 08:15:50 GMT" time="11.435" errors="0">
  <testcase name="loginElementPresent" time="5.210" classname="smokeTest.Smoke"/>
  <testcase name="smoke" time="6.225" classname="smokeTest.Smoke"/>
</testsuite> <!-- smokeTest.Smoke -->
