<?xml version="1.0" encoding="UTF-8"?>
<!-- Generated by org.testng.reporters.JUnitReportReporter -->
<testsuite skipped="0" hostname="LAPTOP-3FARVQ4Q" name="LoginInterfaceTests.Interface" tests="1" failures="0" timestamp="25 Mar 2019 18:55:39 GMT" time="6.922" errors="0">
  <testcase name="TextCheck" time="6.922" classname="LoginInterfaceTests.Interface"/>
</testsuite> <!-- LoginInterfaceTests.Interface -->
